TypeError: Cannot read property 'indexOf' of undefined
    at requestHandler (/home/migu3lr/enjoy/built/server/index.js:9826:52)
    at Layer.handle [as handle_request] (/home/migu3lr/enjoy/node_modules/express/lib/router/layer.js:95:5)
    at next (/home/migu3lr/enjoy/node_modules/express/lib/router/route.js:137:13)
    at Route.dispatch (/home/migu3lr/enjoy/node_modules/express/lib/router/route.js:112:3)
    at Layer.handle [as handle_request] (/home/migu3lr/enjoy/node_modules/express/lib/router/layer.js:95:5)
    at /home/migu3lr/enjoy/node_modules/express/lib/router/index.js:281:22
    at param (/home/migu3lr/enjoy/node_modules/express/lib/router/index.js:354:14)
    at param (/home/migu3lr/enjoy/node_modules/express/lib/router/index.js:365:14)
    at Function.process_params (/home/migu3lr/enjoy/node_modules/express/lib/router/index.js:410:3)
    at next (/home/migu3lr/enjoy/node_modules/express/lib/router/index.js:275:10)
TypeError: Cannot read property 'indexOf' of undefined
    at requestHandler (/home/migu3lr/enjoy/built/server/index.js:9826:52)
    at Layer.handle [as handle_request] (/home/migu3lr/enjoy/node_modules/express/lib/router/layer.js:95:5)
    at next (/home/migu3lr/enjoy/node_modules/express/lib/router/route.js:137:13)
    at Route.dispatch (/home/migu3lr/enjoy/node_modules/express/lib/router/route.js:112:3)
    at Layer.handle [as handle_request] (/home/migu3lr/enjoy/node_modules/express/lib/router/layer.js:95:5)
    at /home/migu3lr/enjoy/node_modules/express/lib/router/index.js:281:22
    at param (/home/migu3lr/enjoy/node_modules/express/lib/router/index.js:354:14)
    at param (/home/migu3lr/enjoy/node_modules/express/lib/router/index.js:365:14)
    at Function.process_params (/home/migu3lr/enjoy/node_modules/express/lib/router/index.js:410:3)
    at next (/home/migu3lr/enjoy/node_modules/express/lib/router/index.js:275:10)
TypeError: Cannot read property 'indexOf' of undefined
    at requestHandler (/home/migu3lr/enjoy/built/server/index.js:9826:52)
    at Layer.handle [as handle_request] (/home/migu3lr/enjoy/node_modules/express/lib/router/layer.js:95:5)
    at next (/home/migu3lr/enjoy/node_modules/express/lib/router/route.js:137:13)
    at Route.dispatch (/home/migu3lr/enjoy/node_modules/express/lib/router/route.js:112:3)
    at Layer.handle [as handle_request] (/home/migu3lr/enjoy/node_modules/express/lib/router/layer.js:95:5)
    at /home/migu3lr/enjoy/node_modules/express/lib/router/index.js:281:22
    at param (/home/migu3lr/enjoy/node_modules/express/lib/router/index.js:354:14)
    at param (/home/migu3lr/enjoy/node_modules/express/lib/router/index.js:365:14)
    at Function.process_params (/home/migu3lr/enjoy/node_modules/express/lib/router/index.js:410:3)
    at next (/home/migu3lr/enjoy/node_modules/express/lib/router/index.js:275:10)
TypeError: Cannot read property 'indexOf' of undefined
    at requestHandler (/home/migu3lr/enjoy/built/server/index.js:9826:52)
    at Layer.handle [as handle_request] (/home/migu3lr/enjoy/node_modules/express/lib/router/layer.js:95:5)
    at next (/home/migu3lr/enjoy/node_modules/express/lib/router/route.js:137:13)
    at Route.dispatch (/home/migu3lr/enjoy/node_modules/express/lib/router/route.js:112:3)
    at Layer.handle [as handle_request] (/home/migu3lr/enjoy/node_modules/express/lib/router/layer.js:95:5)
    at /home/migu3lr/enjoy/node_modules/express/lib/router/index.js:281:22
    at param (/home/migu3lr/enjoy/node_modules/express/lib/router/index.js:354:14)
    at param (/home/migu3lr/enjoy/node_modules/express/lib/router/index.js:365:14)
    at Function.process_params (/home/migu3lr/enjoy/node_modules/express/lib/router/index.js:410:3)
    at next (/home/migu3lr/enjoy/node_modules/express/lib/router/index.js:275:10)
TypeError: Cannot read property 'indexOf' of undefined
    at requestHandler (/home/migu3lr/enjoy/built/server/index.js:9826:52)
    at Layer.handle [as handle_request] (/home/migu3lr/enjoy/node_modules/express/lib/router/layer.js:95:5)
    at next (/home/migu3lr/enjoy/node_modules/express/lib/router/route.js:137:13)
    at Route.dispatch (/home/migu3lr/enjoy/node_modules/express/lib/router/route.js:112:3)
    at Layer.handle [as handle_request] (/home/migu3lr/enjoy/node_modules/express/lib/router/layer.js:95:5)
    at /home/migu3lr/enjoy/node_modules/express/lib/router/index.js:281:22
    at param (/home/migu3lr/enjoy/node_modules/express/lib/router/index.js:354:14)
    at param (/home/migu3lr/enjoy/node_modules/express/lib/router/index.js:365:14)
    at Function.process_params (/home/migu3lr/enjoy/node_modules/express/lib/router/index.js:410:3)
    at next (/home/migu3lr/enjoy/node_modules/express/lib/router/index.js:275:10)
TypeError: Cannot read property 'indexOf' of undefined
    at requestHandler (/home/migu3lr/enjoy/built/server/index.js:9826:52)
    at Layer.handle [as handle_request] (/home/migu3lr/enjoy/node_modules/express/lib/router/layer.js:95:5)
    at next (/home/migu3lr/enjoy/node_modules/express/lib/router/route.js:137:13)
    at Route.dispatch (/home/migu3lr/enjoy/node_modules/express/lib/router/route.js:112:3)
    at Layer.handle [as handle_request] (/home/migu3lr/enjoy/node_modules/express/lib/router/layer.js:95:5)
    at /home/migu3lr/enjoy/node_modules/express/lib/router/index.js:281:22
    at param (/home/migu3lr/enjoy/node_modules/express/lib/router/index.js:354:14)
    at param (/home/migu3lr/enjoy/node_modules/express/lib/router/index.js:365:14)
    at Function.process_params (/home/migu3lr/enjoy/node_modules/express/lib/router/index.js:410:3)
    at next (/home/migu3lr/enjoy/node_modules/express/lib/router/index.js:275:10)
TypeError: Cannot read property 'indexOf' of undefined
    at requestHandler (/home/migu3lr/enjoy/built/server/index.js:9826:52)
    at Layer.handle [as handle_request] (/home/migu3lr/enjoy/node_modules/express/lib/router/layer.js:95:5)
    at next (/home/migu3lr/enjoy/node_modules/express/lib/router/route.js:137:13)
    at Route.dispatch (/home/migu3lr/enjoy/node_modules/express/lib/router/route.js:112:3)
    at Layer.handle [as handle_request] (/home/migu3lr/enjoy/node_modules/express/lib/router/layer.js:95:5)
    at /home/migu3lr/enjoy/node_modules/express/lib/router/index.js:281:22
    at param (/home/migu3lr/enjoy/node_modules/express/lib/router/index.js:354:14)
    at param (/home/migu3lr/enjoy/node_modules/express/lib/router/index.js:365:14)
    at Function.process_params (/home/migu3lr/enjoy/node_modules/express/lib/router/index.js:410:3)
    at next (/home/migu3lr/enjoy/node_modules/express/lib/router/index.js:275:10)
TypeError: Cannot read property 'indexOf' of undefined
    at requestHandler (/home/migu3lr/enjoy/built/server/index.js:9826:52)
    at Layer.handle [as handle_request] (/home/migu3lr/enjoy/node_modules/express/lib/router/layer.js:95:5)
    at next (/home/migu3lr/enjoy/node_modules/express/lib/router/route.js:137:13)
    at Route.dispatch (/home/migu3lr/enjoy/node_modules/express/lib/router/route.js:112:3)
    at Layer.handle [as handle_request] (/home/migu3lr/enjoy/node_modules/express/lib/router/layer.js:95:5)
    at /home/migu3lr/enjoy/node_modules/express/lib/router/index.js:281:22
    at param (/home/migu3lr/enjoy/node_modules/express/lib/router/index.js:354:14)
    at param (/home/migu3lr/enjoy/node_modules/express/lib/router/index.js:365:14)
    at Function.process_params (/home/migu3lr/enjoy/node_modules/express/lib/router/index.js:410:3)
    at next (/home/migu3lr/enjoy/node_modules/express/lib/router/index.js:275:10)
TypeError: Cannot read property 'indexOf' of undefined
    at requestHandler (/home/migu3lr/enjoy/built/server/index.js:9826:52)
    at Layer.handle [as handle_request] (/home/migu3lr/enjoy/node_modules/express/lib/router/layer.js:95:5)
    at next (/home/migu3lr/enjoy/node_modules/express/lib/router/route.js:137:13)
    at Route.dispatch (/home/migu3lr/enjoy/node_modules/express/lib/router/route.js:112:3)
    at Layer.handle [as handle_request] (/home/migu3lr/enjoy/node_modules/express/lib/router/layer.js:95:5)
    at /home/migu3lr/enjoy/node_modules/express/lib/router/index.js:281:22
    at param (/home/migu3lr/enjoy/node_modules/express/lib/router/index.js:354:14)
    at param (/home/migu3lr/enjoy/node_modules/express/lib/router/index.js:365:14)
    at Function.process_params (/home/migu3lr/enjoy/node_modules/express/lib/router/index.js:410:3)
    at next (/home/migu3lr/enjoy/node_modules/express/lib/router/index.js:275:10)
TypeError: Cannot read property 'indexOf' of undefined
    at requestHandler (/home/migu3lr/enjoy/built/server/index.js:9826:52)
    at Layer.handle [as handle_request] (/home/migu3lr/enjoy/node_modules/express/lib/router/layer.js:95:5)
    at next (/home/migu3lr/enjoy/node_modules/express/lib/router/route.js:137:13)
    at Route.dispatch (/home/migu3lr/enjoy/node_modules/express/lib/router/route.js:112:3)
    at Layer.handle [as handle_request] (/home/migu3lr/enjoy/node_modules/express/lib/router/layer.js:95:5)
    at /home/migu3lr/enjoy/node_modules/express/lib/router/index.js:281:22
    at param (/home/migu3lr/enjoy/node_modules/express/lib/router/index.js:354:14)
    at param (/home/migu3lr/enjoy/node_modules/express/lib/router/index.js:365:14)
    at Function.process_params (/home/migu3lr/enjoy/node_modules/express/lib/router/index.js:410:3)
    at next (/home/migu3lr/enjoy/node_modules/express/lib/router/index.js:275:10)
TypeError: Cannot read property 'indexOf' of undefined
    at requestHandler (/home/migu3lr/enjoy/built/server/index.js:9826:52)
    at Layer.handle [as handle_request] (/home/migu3lr/enjoy/node_modules/express/lib/router/layer.js:95:5)
    at next (/home/migu3lr/enjoy/node_modules/express/lib/router/route.js:137:13)
    at Route.dispatch (/home/migu3lr/enjoy/node_modules/express/lib/router/route.js:112:3)
    at Layer.handle [as handle_request] (/home/migu3lr/enjoy/node_modules/express/lib/router/layer.js:95:5)
    at /home/migu3lr/enjoy/node_modules/express/lib/router/index.js:281:22
    at param (/home/migu3lr/enjoy/node_modules/express/lib/router/index.js:354:14)
    at param (/home/migu3lr/enjoy/node_modules/express/lib/router/index.js:365:14)
    at Function.process_params (/home/migu3lr/enjoy/node_modules/express/lib/router/index.js:410:3)
    at next (/home/migu3lr/enjoy/node_modules/express/lib/router/index.js:275:10)
TypeError: Cannot read property 'indexOf' of undefined
    at requestHandler (/home/migu3lr/enjoy/built/server/index.js:9826:52)
    at Layer.handle [as handle_request] (/home/migu3lr/enjoy/node_modules/express/lib/router/layer.js:95:5)
    at next (/home/migu3lr/enjoy/node_modules/express/lib/router/route.js:137:13)
    at Route.dispatch (/home/migu3lr/enjoy/node_modules/express/lib/router/route.js:112:3)
    at Layer.handle [as handle_request] (/home/migu3lr/enjoy/node_modules/express/lib/router/layer.js:95:5)
    at /home/migu3lr/enjoy/node_modules/express/lib/router/index.js:281:22
    at param (/home/migu3lr/enjoy/node_modules/express/lib/router/index.js:354:14)
    at param (/home/migu3lr/enjoy/node_modules/express/lib/router/index.js:365:14)
    at Function.process_params (/home/migu3lr/enjoy/node_modules/express/lib/router/index.js:410:3)
    at next (/home/migu3lr/enjoy/node_modules/express/lib/router/index.js:275:10)
TypeError: Cannot read property 'indexOf' of undefined
    at requestHandler (/home/migu3lr/enjoy/built/server/index.js:9826:52)
    at Layer.handle [as handle_request] (/home/migu3lr/enjoy/node_modules/express/lib/router/layer.js:95:5)
    at next (/home/migu3lr/enjoy/node_modules/express/lib/router/route.js:137:13)
    at Route.dispatch (/home/migu3lr/enjoy/node_modules/express/lib/router/route.js:112:3)
    at Layer.handle [as handle_request] (/home/migu3lr/enjoy/node_modules/express/lib/router/layer.js:95:5)
    at /home/migu3lr/enjoy/node_modules/express/lib/router/index.js:281:22
    at param (/home/migu3lr/enjoy/node_modules/express/lib/router/index.js:354:14)
    at param (/home/migu3lr/enjoy/node_modules/express/lib/router/index.js:365:14)
    at Function.process_params (/home/migu3lr/enjoy/node_modules/express/lib/router/index.js:410:3)
    at next (/home/migu3lr/enjoy/node_modules/express/lib/router/index.js:275:10)
/home/migu3lr/enjoy/built/server/index.js:10044
  ruta: PropTypes.string
        ^

ReferenceError: PropTypes is not defined
    at Object.module.exports.comment (/home/migu3lr/enjoy/built/server/index.js:10044:9)
    at __webpack_require__ (/home/migu3lr/enjoy/built/server/index.js:20:30)
    at Object.module.exports.en.error.404 (/home/migu3lr/enjoy/built/server/index.js:9074:15)
    at __webpack_require__ (/home/migu3lr/enjoy/built/server/index.js:20:30)
    at Object.defineProperty.value (/home/migu3lr/enjoy/built/server/index.js:9825:13)
    at __webpack_require__ (/home/migu3lr/enjoy/built/server/index.js:20:30)
    at validateFormat (/home/migu3lr/enjoy/built/server/index.js:66:18)
    at Object.<anonymous> (/home/migu3lr/enjoy/built/server/index.js:69:10)
    at Module._compile (module.js:570:32)
    at Object.Module._extensions..js (module.js:579:10)
ReferenceError: window is not defined
    at new Pages (/home/migu3lr/enjoy/built/server/index.js:9087:17)
    at /home/migu3lr/enjoy/built/server/index.js:12856:18
    at measureLifeCyclePerf (/home/migu3lr/enjoy/built/server/index.js:12636:12)
    at ReactCompositeComponentWrapper._constructComponentWithoutOwner (/home/migu3lr/enjoy/built/server/index.js:12855:16)
    at ReactCompositeComponentWrapper._constructComponent (/home/migu3lr/enjoy/built/server/index.js:12841:21)
    at ReactCompositeComponentWrapper.mountComponent (/home/migu3lr/enjoy/built/server/index.js:12749:21)
    at Object.mountComponent (/home/migu3lr/enjoy/built/server/index.js:2830:35)
    at ReactCompositeComponentWrapper.performInitialMount (/home/migu3lr/enjoy/built/server/index.js:12932:34)
    at ReactCompositeComponentWrapper.mountComponent (/home/migu3lr/enjoy/built/server/index.js:12819:21)
    at Object.mountComponent (/home/migu3lr/enjoy/built/server/index.js:2830:35)
ReferenceError: window is not defined
    at new Pages (/home/migu3lr/enjoy/built/server/index.js:9087:17)
    at /home/migu3lr/enjoy/built/server/index.js:12856:18
    at measureLifeCyclePerf (/home/migu3lr/enjoy/built/server/index.js:12636:12)
    at ReactCompositeComponentWrapper._constructComponentWithoutOwner (/home/migu3lr/enjoy/built/server/index.js:12855:16)
    at ReactCompositeComponentWrapper._constructComponent (/home/migu3lr/enjoy/built/server/index.js:12841:21)
    at ReactCompositeComponentWrapper.mountComponent (/home/migu3lr/enjoy/built/server/index.js:12749:21)
    at Object.mountComponent (/home/migu3lr/enjoy/built/server/index.js:2830:35)
    at ReactCompositeComponentWrapper.performInitialMount (/home/migu3lr/enjoy/built/server/index.js:12932:34)
    at ReactCompositeComponentWrapper.mountComponent (/home/migu3lr/enjoy/built/server/index.js:12819:21)
    at Object.mountComponent (/home/migu3lr/enjoy/built/server/index.js:2830:35)
TypeError: Cannot read property '_reactInternalInstance' of undefined
    at Pages (/home/migu3lr/enjoy/built/server/index.js:9088:73)
    at /home/migu3lr/enjoy/built/server/index.js:12849:16
    at measureLifeCyclePerf (/home/migu3lr/enjoy/built/server/index.js:12618:12)
    at ReactCompositeComponentWrapper._constructComponentWithoutOwner (/home/migu3lr/enjoy/built/server/index.js:12848:14)
    at ReactCompositeComponentWrapper._constructComponent (/home/migu3lr/enjoy/built/server/index.js:12823:21)
    at ReactCompositeComponentWrapper.mountComponent (/home/migu3lr/enjoy/built/server/index.js:12731:21)
    at Object.mountComponent (/home/migu3lr/enjoy/built/server/index.js:2830:35)
    at ReactCompositeComponentWrapper.performInitialMount (/home/migu3lr/enjoy/built/server/index.js:12914:34)
    at ReactCompositeComponentWrapper.mountComponent (/home/migu3lr/enjoy/built/server/index.js:12801:21)
    at Object.mountComponent (/home/migu3lr/enjoy/built/server/index.js:2830:35)
TypeError: Cannot read property '_reactInternalInstance' of undefined
    at Pages (/home/migu3lr/enjoy/built/server/index.js:9088:73)
    at /home/migu3lr/enjoy/built/server/index.js:12849:16
    at measureLifeCyclePerf (/home/migu3lr/enjoy/built/server/index.js:12618:12)
    at ReactCompositeComponentWrapper._constructComponentWithoutOwner (/home/migu3lr/enjoy/built/server/index.js:12848:14)
    at ReactCompositeComponentWrapper._constructComponent (/home/migu3lr/enjoy/built/server/index.js:12823:21)
    at ReactCompositeComponentWrapper.mountComponent (/home/migu3lr/enjoy/built/server/index.js:12731:21)
    at Object.mountComponent (/home/migu3lr/enjoy/built/server/index.js:2830:35)
    at ReactCompositeComponentWrapper.performInitialMount (/home/migu3lr/enjoy/built/server/index.js:12914:34)
    at ReactCompositeComponentWrapper.mountComponent (/home/migu3lr/enjoy/built/server/index.js:12801:21)
    at Object.mountComponent (/home/migu3lr/enjoy/built/server/index.js:2830:35)
TypeError: Cannot read property '_context' of undefined
    at new Pages (/home/migu3lr/enjoy/built/server/index.js:9089:40)
    at /home/migu3lr/enjoy/built/server/index.js:12848:18
    at measureLifeCyclePerf (/home/migu3lr/enjoy/built/server/index.js:12628:12)
    at ReactCompositeComponentWrapper._constructComponentWithoutOwner (/home/migu3lr/enjoy/built/server/index.js:12847:16)
    at ReactCompositeComponentWrapper._constructComponent (/home/migu3lr/enjoy/built/server/index.js:12833:21)
    at ReactCompositeComponentWrapper.mountComponent (/home/migu3lr/enjoy/built/server/index.js:12741:21)
    at Object.mountComponent (/home/migu3lr/enjoy/built/server/index.js:2830:35)
    at ReactCompositeComponentWrapper.performInitialMount (/home/migu3lr/enjoy/built/server/index.js:12924:34)
    at ReactCompositeComponentWrapper.mountComponent (/home/migu3lr/enjoy/built/server/index.js:12811:21)
    at Object.mountComponent (/home/migu3lr/enjoy/built/server/index.js:2830:35)
TypeError: Cannot read property '_context' of undefined
    at new Pages (/home/migu3lr/enjoy/built/server/index.js:9089:40)
    at /home/migu3lr/enjoy/built/server/index.js:12848:18
    at measureLifeCyclePerf (/home/migu3lr/enjoy/built/server/index.js:12628:12)
    at ReactCompositeComponentWrapper._constructComponentWithoutOwner (/home/migu3lr/enjoy/built/server/index.js:12847:16)
    at ReactCompositeComponentWrapper._constructComponent (/home/migu3lr/enjoy/built/server/index.js:12833:21)
    at ReactCompositeComponentWrapper.mountComponent (/home/migu3lr/enjoy/built/server/index.js:12741:21)
    at Object.mountComponent (/home/migu3lr/enjoy/built/server/index.js:2830:35)
    at ReactCompositeComponentWrapper.performInitialMount (/home/migu3lr/enjoy/built/server/index.js:12924:34)
    at ReactCompositeComponentWrapper.mountComponent (/home/migu3lr/enjoy/built/server/index.js:12811:21)
    at Object.mountComponent (/home/migu3lr/enjoy/built/server/index.js:2830:35)
TypeError: Cannot read property '_context' of undefined
    at new Pages (/home/migu3lr/enjoy/built/server/index.js:9089:40)
    at /home/migu3lr/enjoy/built/server/index.js:12848:18
    at measureLifeCyclePerf (/home/migu3lr/enjoy/built/server/index.js:12628:12)
    at ReactCompositeComponentWrapper._constructComponentWithoutOwner (/home/migu3lr/enjoy/built/server/index.js:12847:16)
    at ReactCompositeComponentWrapper._constructComponent (/home/migu3lr/enjoy/built/server/index.js:12833:21)
    at ReactCompositeComponentWrapper.mountComponent (/home/migu3lr/enjoy/built/server/index.js:12741:21)
    at Object.mountComponent (/home/migu3lr/enjoy/built/server/index.js:2830:35)
    at ReactCompositeComponentWrapper.performInitialMount (/home/migu3lr/enjoy/built/server/index.js:12924:34)
    at ReactCompositeComponentWrapper.mountComponent (/home/migu3lr/enjoy/built/server/index.js:12811:21)
    at Object.mountComponent (/home/migu3lr/enjoy/built/server/index.js:2830:35)
TypeError: Cannot read property '_context' of undefined
    at new Pages (/home/migu3lr/enjoy/built/server/index.js:9089:40)
    at /home/migu3lr/enjoy/built/server/index.js:12848:18
    at measureLifeCyclePerf (/home/migu3lr/enjoy/built/server/index.js:12628:12)
    at ReactCompositeComponentWrapper._constructComponentWithoutOwner (/home/migu3lr/enjoy/built/server/index.js:12847:16)
    at ReactCompositeComponentWrapper._constructComponent (/home/migu3lr/enjoy/built/server/index.js:12833:21)
    at ReactCompositeComponentWrapper.mountComponent (/home/migu3lr/enjoy/built/server/index.js:12741:21)
    at Object.mountComponent (/home/migu3lr/enjoy/built/server/index.js:2830:35)
    at ReactCompositeComponentWrapper.performInitialMount (/home/migu3lr/enjoy/built/server/index.js:12924:34)
    at ReactCompositeComponentWrapper.mountComponent (/home/migu3lr/enjoy/built/server/index.js:12811:21)
    at Object.mountComponent (/home/migu3lr/enjoy/built/server/index.js:2830:35)
/home/migu3lr/enjoy/built/server/index.js:9924
throw new Error("Module build failed: SyntaxError: Adjacent JSX elements must be wrapped in an enclosing tag (39:16)\n\n  37 |                   </Link>\n  38 |                 </li>\n> 39 |                 <li>\n     |                 ^\n  40 |                   <Link to=\"/enjoy\">\n  41 |                     <FormattedMessage id=\"login\" />\n  42 |                   </Link>\n");
^

Error: Module build failed: SyntaxError: Adjacent JSX elements must be wrapped in an enclosing tag (39:16)

  37 |                   </Link>
  38 |                 </li>
> 39 |                 <li>
     |                 ^
  40 |                   <Link to="/enjoy">
  41 |                     <FormattedMessage id="login" />
  42 |                   </Link>

    at Object.module.exports.comment (/home/migu3lr/enjoy/built/server/index.js:9924:7)
    at __webpack_require__ (/home/migu3lr/enjoy/built/server/index.js:20:30)
    at Object.module.exports.en.error.404 (/home/migu3lr/enjoy/built/server/index.js:9074:15)
    at __webpack_require__ (/home/migu3lr/enjoy/built/server/index.js:20:30)
    at Object.defineProperty.value (/home/migu3lr/enjoy/built/server/index.js:9819:13)
    at __webpack_require__ (/home/migu3lr/enjoy/built/server/index.js:20:30)
    at validateFormat (/home/migu3lr/enjoy/built/server/index.js:66:18)
    at Object.<anonymous> (/home/migu3lr/enjoy/built/server/index.js:69:10)
    at Module._compile (module.js:570:32)
    at Object.Module._extensions..js (module.js:579:10)
TypeError: Cannot read property 'indexOf' of undefined
    at requestHandler (/home/migu3lr/enjoy/built/server/index.js:9834:52)
    at Layer.handle [as handle_request] (/home/migu3lr/enjoy/node_modules/express/lib/router/layer.js:95:5)
    at next (/home/migu3lr/enjoy/node_modules/express/lib/router/route.js:137:13)
    at Route.dispatch (/home/migu3lr/enjoy/node_modules/express/lib/router/route.js:112:3)
    at Layer.handle [as handle_request] (/home/migu3lr/enjoy/node_modules/express/lib/router/layer.js:95:5)
    at /home/migu3lr/enjoy/node_modules/express/lib/router/index.js:281:22
    at param (/home/migu3lr/enjoy/node_modules/express/lib/router/index.js:354:14)
    at param (/home/migu3lr/enjoy/node_modules/express/lib/router/index.js:365:14)
    at Function.process_params (/home/migu3lr/enjoy/node_modules/express/lib/router/index.js:410:3)
    at next (/home/migu3lr/enjoy/node_modules/express/lib/router/index.js:275:10)
TypeError: Cannot read property 'indexOf' of undefined
    at requestHandler (/home/migu3lr/enjoy/built/server/index.js:9834:52)
    at Layer.handle [as handle_request] (/home/migu3lr/enjoy/node_modules/express/lib/router/layer.js:95:5)
    at next (/home/migu3lr/enjoy/node_modules/express/lib/router/route.js:137:13)
    at Route.dispatch (/home/migu3lr/enjoy/node_modules/express/lib/router/route.js:112:3)
    at Layer.handle [as handle_request] (/home/migu3lr/enjoy/node_modules/express/lib/router/layer.js:95:5)
    at /home/migu3lr/enjoy/node_modules/express/lib/router/index.js:281:22
    at param (/home/migu3lr/enjoy/node_modules/express/lib/router/index.js:354:14)
    at param (/home/migu3lr/enjoy/node_modules/express/lib/router/index.js:365:14)
    at Function.process_params (/home/migu3lr/enjoy/node_modules/express/lib/router/index.js:410:3)
    at next (/home/migu3lr/enjoy/node_modules/express/lib/router/index.js:275:10)
TypeError: Cannot read property 'indexOf' of undefined
    at requestHandler (/home/migu3lr/enjoy/built/server/index.js:9834:52)
    at Layer.handle [as handle_request] (/home/migu3lr/enjoy/node_modules/express/lib/router/layer.js:95:5)
    at next (/home/migu3lr/enjoy/node_modules/express/lib/router/route.js:137:13)
    at Route.dispatch (/home/migu3lr/enjoy/node_modules/express/lib/router/route.js:112:3)
    at Layer.handle [as handle_request] (/home/migu3lr/enjoy/node_modules/express/lib/router/layer.js:95:5)
    at /home/migu3lr/enjoy/node_modules/express/lib/router/index.js:281:22
    at param (/home/migu3lr/enjoy/node_modules/express/lib/router/index.js:354:14)
    at param (/home/migu3lr/enjoy/node_modules/express/lib/router/index.js:365:14)
    at Function.process_params (/home/migu3lr/enjoy/node_modules/express/lib/router/index.js:410:3)
    at next (/home/migu3lr/enjoy/node_modules/express/lib/router/index.js:275:10)
TypeError: Cannot read property 'indexOf' of undefined
    at requestHandler (/home/migu3lr/enjoy/built/server/index.js:9834:52)
    at Layer.handle [as handle_request] (/home/migu3lr/enjoy/node_modules/express/lib/router/layer.js:95:5)
    at next (/home/migu3lr/enjoy/node_modules/express/lib/router/route.js:137:13)
    at Route.dispatch (/home/migu3lr/enjoy/node_modules/express/lib/router/route.js:112:3)
    at Layer.handle [as handle_request] (/home/migu3lr/enjoy/node_modules/express/lib/router/layer.js:95:5)
    at /home/migu3lr/enjoy/node_modules/express/lib/router/index.js:281:22
    at param (/home/migu3lr/enjoy/node_modules/express/lib/router/index.js:354:14)
    at param (/home/migu3lr/enjoy/node_modules/express/lib/router/index.js:365:14)
    at Function.process_params (/home/migu3lr/enjoy/node_modules/express/lib/router/index.js:410:3)
    at next (/home/migu3lr/enjoy/node_modules/express/lib/router/index.js:275:10)
TypeError: Cannot read property 'indexOf' of undefined
    at requestHandler (/home/migu3lr/enjoy/built/server/index.js:9834:52)
    at Layer.handle [as handle_request] (/home/migu3lr/enjoy/node_modules/express/lib/router/layer.js:95:5)
    at next (/home/migu3lr/enjoy/node_modules/express/lib/router/route.js:137:13)
    at Route.dispatch (/home/migu3lr/enjoy/node_modules/express/lib/router/route.js:112:3)
    at Layer.handle [as handle_request] (/home/migu3lr/enjoy/node_modules/express/lib/router/layer.js:95:5)
    at /home/migu3lr/enjoy/node_modules/express/lib/router/index.js:281:22
    at param (/home/migu3lr/enjoy/node_modules/express/lib/router/index.js:354:14)
    at param (/home/migu3lr/enjoy/node_modules/express/lib/router/index.js:365:14)
    at Function.process_params (/home/migu3lr/enjoy/node_modules/express/lib/router/index.js:410:3)
    at next (/home/migu3lr/enjoy/node_modules/express/lib/router/index.js:275:10)
TypeError: Cannot read property 'indexOf' of undefined
    at requestHandler (/home/migu3lr/enjoy/built/server/index.js:9834:52)
    at Layer.handle [as handle_request] (/home/migu3lr/enjoy/node_modules/express/lib/router/layer.js:95:5)
    at next (/home/migu3lr/enjoy/node_modules/express/lib/router/route.js:137:13)
    at Route.dispatch (/home/migu3lr/enjoy/node_modules/express/lib/router/route.js:112:3)
    at Layer.handle [as handle_request] (/home/migu3lr/enjoy/node_modules/express/lib/router/layer.js:95:5)
    at /home/migu3lr/enjoy/node_modules/express/lib/router/index.js:281:22
    at param (/home/migu3lr/enjoy/node_modules/express/lib/router/index.js:354:14)
    at param (/home/migu3lr/enjoy/node_modules/express/lib/router/index.js:365:14)
    at Function.process_params (/home/migu3lr/enjoy/node_modules/express/lib/router/index.js:410:3)
    at next (/home/migu3lr/enjoy/node_modules/express/lib/router/index.js:275:10)
TypeError: Cannot read property 'indexOf' of undefined
    at requestHandler (/home/migu3lr/enjoy/built/server/index.js:9834:52)
    at Layer.handle [as handle_request] (/home/migu3lr/enjoy/node_modules/express/lib/router/layer.js:95:5)
    at next (/home/migu3lr/enjoy/node_modules/express/lib/router/route.js:137:13)
    at Route.dispatch (/home/migu3lr/enjoy/node_modules/express/lib/router/route.js:112:3)
    at Layer.handle [as handle_request] (/home/migu3lr/enjoy/node_modules/express/lib/router/layer.js:95:5)
    at /home/migu3lr/enjoy/node_modules/express/lib/router/index.js:281:22
    at param (/home/migu3lr/enjoy/node_modules/express/lib/router/index.js:354:14)
    at param (/home/migu3lr/enjoy/node_modules/express/lib/router/index.js:365:14)
    at Function.process_params (/home/migu3lr/enjoy/node_modules/express/lib/router/index.js:410:3)
    at next (/home/migu3lr/enjoy/node_modules/express/lib/router/index.js:275:10)
TypeError: Cannot read property 'indexOf' of undefined
    at requestHandler (/home/migu3lr/enjoy/built/server/index.js:9834:52)
    at Layer.handle [as handle_request] (/home/migu3lr/enjoy/node_modules/express/lib/router/layer.js:95:5)
    at next (/home/migu3lr/enjoy/node_modules/express/lib/router/route.js:137:13)
    at Route.dispatch (/home/migu3lr/enjoy/node_modules/express/lib/router/route.js:112:3)
    at Layer.handle [as handle_request] (/home/migu3lr/enjoy/node_modules/express/lib/router/layer.js:95:5)
    at /home/migu3lr/enjoy/node_modules/express/lib/router/index.js:281:22
    at param (/home/migu3lr/enjoy/node_modules/express/lib/router/index.js:354:14)
    at param (/home/migu3lr/enjoy/node_modules/express/lib/router/index.js:365:14)
    at Function.process_params (/home/migu3lr/enjoy/node_modules/express/lib/router/index.js:410:3)
    at next (/home/migu3lr/enjoy/node_modules/express/lib/router/index.js:275:10)
TypeError: Cannot read property 'indexOf' of undefined
    at requestHandler (/home/migu3lr/enjoy/built/server/index.js:9834:52)
    at Layer.handle [as handle_request] (/home/migu3lr/enjoy/node_modules/express/lib/router/layer.js:95:5)
    at next (/home/migu3lr/enjoy/node_modules/express/lib/router/route.js:137:13)
    at Route.dispatch (/home/migu3lr/enjoy/node_modules/express/lib/router/route.js:112:3)
    at Layer.handle [as handle_request] (/home/migu3lr/enjoy/node_modules/express/lib/router/layer.js:95:5)
    at /home/migu3lr/enjoy/node_modules/express/lib/router/index.js:281:22
    at param (/home/migu3lr/enjoy/node_modules/express/lib/router/index.js:354:14)
    at param (/home/migu3lr/enjoy/node_modules/express/lib/router/index.js:365:14)
    at Function.process_params (/home/migu3lr/enjoy/node_modules/express/lib/router/index.js:410:3)
    at next (/home/migu3lr/enjoy/node_modules/express/lib/router/index.js:275:10)
TypeError: Cannot read property 'indexOf' of undefined
    at requestHandler (/home/migu3lr/enjoy/built/server/index.js:9834:52)
    at Layer.handle [as handle_request] (/home/migu3lr/enjoy/node_modules/express/lib/router/layer.js:95:5)
    at next (/home/migu3lr/enjoy/node_modules/express/lib/router/route.js:137:13)
    at Route.dispatch (/home/migu3lr/enjoy/node_modules/express/lib/router/route.js:112:3)
    at Layer.handle [as handle_request] (/home/migu3lr/enjoy/node_modules/express/lib/router/layer.js:95:5)
    at /home/migu3lr/enjoy/node_modules/express/lib/router/index.js:281:22
    at param (/home/migu3lr/enjoy/node_modules/express/lib/router/index.js:354:14)
    at param (/home/migu3lr/enjoy/node_modules/express/lib/router/index.js:365:14)
    at Function.process_params (/home/migu3lr/enjoy/node_modules/express/lib/router/index.js:410:3)
    at next (/home/migu3lr/enjoy/node_modules/express/lib/router/index.js:275:10)
/home/migu3lr/enjoy/built/server/index.js:9925
throw new Error("Module build failed: SyntaxError: Expected corresponding JSX closing tag for <ul> (85:10)\n\n  83 |             )}\n  84 |             <a href=\"#!\" data-activates=\"nav-mobile\" className={`button-collapse ${css.button_collapse}`}><i className=\"material-icons\">menu</i></a>\n> 85 |           </div>\n     |           ^\n  86 |         </nav>\n  87 |       </header>\n  88 |     );\n");
^

Error: Module build failed: SyntaxError: Expected corresponding JSX closing tag for <ul> (85:10)

  83 |             )}
  84 |             <a href="#!" data-activates="nav-mobile" className={`button-collapse ${css.button_collapse}`}><i className="material-icons">menu</i></a>
> 85 |           </div>
     |           ^
  86 |         </nav>
  87 |       </header>
  88 |     );

    at Object.module.exports.comment (/home/migu3lr/enjoy/built/server/index.js:9925:7)
    at __webpack_require__ (/home/migu3lr/enjoy/built/server/index.js:20:30)
    at Object.module.exports.en.error.404 (/home/migu3lr/enjoy/built/server/index.js:9074:15)
    at __webpack_require__ (/home/migu3lr/enjoy/built/server/index.js:20:30)
    at Object.defineProperty.value (/home/migu3lr/enjoy/built/server/index.js:9819:13)
    at __webpack_require__ (/home/migu3lr/enjoy/built/server/index.js:20:30)
    at validateFormat (/home/migu3lr/enjoy/built/server/index.js:66:18)
    at Object.<anonymous> (/home/migu3lr/enjoy/built/server/index.js:69:10)
    at Module._compile (module.js:570:32)
    at Object.Module._extensions..js (module.js:579:10)
/home/migu3lr/enjoy/built/server/index.js:9943
var _Menu = __webpack_require__(!(function webpackMissingModule() { var e = new Error("Cannot find module \"./Menu\""); e.code = 'MODULE_NOT_FOUND'; throw e; }()));
                                                                                                                                                     ^

Error: Cannot find module "./Menu"
    at webpackMissingModule (/home/migu3lr/enjoy/built/server/index.js:9943:77)
    at Object.module.exports.comment (/home/migu3lr/enjoy/built/server/index.js:9943:160)
    at __webpack_require__ (/home/migu3lr/enjoy/built/server/index.js:20:30)
    at Object.module.exports.en.error.404 (/home/migu3lr/enjoy/built/server/index.js:9074:15)
    at __webpack_require__ (/home/migu3lr/enjoy/built/server/index.js:20:30)
    at Object.defineProperty.value (/home/migu3lr/enjoy/built/server/index.js:9819:13)
    at __webpack_require__ (/home/migu3lr/enjoy/built/server/index.js:20:30)
    at validateFormat (/home/migu3lr/enjoy/built/server/index.js:66:18)
    at Object.<anonymous> (/home/migu3lr/enjoy/built/server/index.js:69:10)
    at Module._compile (module.js:570:32)
/home/migu3lr/enjoy/built/server/index.js:21884
throw new Error("Module build failed: SyntaxError: Unexpected token (9:0)\n\n  7 | \n  8 | \n> 9 | \n    | ^\n");
^

Error: Module build failed: SyntaxError: Unexpected token (9:0)

  7 | 
  8 | 
> 9 | 
    | ^

    at Object.<anonymous> (/home/migu3lr/enjoy/built/server/index.js:21884:7)
    at __webpack_require__ (/home/migu3lr/enjoy/built/server/index.js:20:30)
    at Object.module.exports.comment (/home/migu3lr/enjoy/built/server/index.js:9943:13)
    at __webpack_require__ (/home/migu3lr/enjoy/built/server/index.js:20:30)
    at Object.module.exports.en.error.404 (/home/migu3lr/enjoy/built/server/index.js:9074:15)
    at __webpack_require__ (/home/migu3lr/enjoy/built/server/index.js:20:30)
    at Object.defineProperty.value (/home/migu3lr/enjoy/built/server/index.js:9819:13)
    at __webpack_require__ (/home/migu3lr/enjoy/built/server/index.js:20:30)
    at validateFormat (/home/migu3lr/enjoy/built/server/index.js:66:18)
    at Object.<anonymous> (/home/migu3lr/enjoy/built/server/index.js:69:10)
/home/migu3lr/enjoy/built/server/index.js:21885
throw new Error("Module build failed: SyntaxError: Unexpected token (21:2)\n\n  19 |       </ul>\n  20 |     );\n> 21 |   else {\n     |   ^\n  22 |     return (\n  23 |       <ul className=\"right hide-on-med-and-down\">\n  24 |         <li>\n");
^

Error: Module build failed: SyntaxError: Unexpected token (21:2)

  19 |       </ul>
  20 |     );
> 21 |   else {
     |   ^
  22 |     return (
  23 |       <ul className="right hide-on-med-and-down">
  24 |         <li>

    at Object.<anonymous> (/home/migu3lr/enjoy/built/server/index.js:21885:7)
    at __webpack_require__ (/home/migu3lr/enjoy/built/server/index.js:20:30)
    at Object.module.exports.comment (/home/migu3lr/enjoy/built/server/index.js:9943:13)
    at __webpack_require__ (/home/migu3lr/enjoy/built/server/index.js:20:30)
    at Object.module.exports.en.error.404 (/home/migu3lr/enjoy/built/server/index.js:9074:15)
    at __webpack_require__ (/home/migu3lr/enjoy/built/server/index.js:20:30)
    at Object.defineProperty.value (/home/migu3lr/enjoy/built/server/index.js:9819:13)
    at __webpack_require__ (/home/migu3lr/enjoy/built/server/index.js:20:30)
    at validateFormat (/home/migu3lr/enjoy/built/server/index.js:66:18)
    at Object.<anonymous> (/home/migu3lr/enjoy/built/server/index.js:69:10)
/home/migu3lr/enjoy/built/server/index.js:21817
throw new Error("Module build failed: SyntaxError: Unexpected token, expected : (10:39)\n\n   8 |       <ul \n   9 |         className={props.mobile ? 'side-nav' : 'right hide-on-med-and-down'} \n> 10 |         id={props.mobile ? 'nav-mobile'}\n     |                                        ^\n  11 |       >\n  12 |       )}\n  13 | \n");
^

Error: Module build failed: SyntaxError: Unexpected token, expected : (10:39)

   8 |       <ul 
   9 |         className={props.mobile ? 'side-nav' : 'right hide-on-med-and-down'} 
> 10 |         id={props.mobile ? 'nav-mobile'}
     |                                        ^
  11 |       >
  12 |       )}
  13 | 

    at Object.<anonymous> (/home/migu3lr/enjoy/built/server/index.js:21817:7)
    at __webpack_require__ (/home/migu3lr/enjoy/built/server/index.js:20:30)
    at Object.module.exports.comment (/home/migu3lr/enjoy/built/server/index.js:9943:13)
    at __webpack_require__ (/home/migu3lr/enjoy/built/server/index.js:20:30)
    at Object.module.exports.en.error.404 (/home/migu3lr/enjoy/built/server/index.js:9074:15)
    at __webpack_require__ (/home/migu3lr/enjoy/built/server/index.js:20:30)
    at Object.defineProperty.value (/home/migu3lr/enjoy/built/server/index.js:9819:13)
    at __webpack_require__ (/home/migu3lr/enjoy/built/server/index.js:20:30)
    at validateFormat (/home/migu3lr/enjoy/built/server/index.js:66:18)
    at Object.<anonymous> (/home/migu3lr/enjoy/built/server/index.js:69:10)
/home/migu3lr/enjoy/built/server/index.js:21817
throw new Error("Module build failed: SyntaxError: Unexpected token, expected : (10:39)\n\n   8 |       <ul \n   9 |         className={props.mobile ? 'side-nav' : 'right hide-on-med-and-down'} \n> 10 |         id={props.mobile ? 'nav-mobile'}\n     |                                        ^\n  11 |       >\n  12 |         <li>\n  13 |           <Link to=\"/\">\n");
^

Error: Module build failed: SyntaxError: Unexpected token, expected : (10:39)

   8 |       <ul 
   9 |         className={props.mobile ? 'side-nav' : 'right hide-on-med-and-down'} 
> 10 |         id={props.mobile ? 'nav-mobile'}
     |                                        ^
  11 |       >
  12 |         <li>
  13 |           <Link to="/">

    at Object.<anonymous> (/home/migu3lr/enjoy/built/server/index.js:21817:7)
    at __webpack_require__ (/home/migu3lr/enjoy/built/server/index.js:20:30)
    at Object.module.exports.comment (/home/migu3lr/enjoy/built/server/index.js:9943:13)
    at __webpack_require__ (/home/migu3lr/enjoy/built/server/index.js:20:30)
    at Object.module.exports.en.error.404 (/home/migu3lr/enjoy/built/server/index.js:9074:15)
    at __webpack_require__ (/home/migu3lr/enjoy/built/server/index.js:20:30)
    at Object.defineProperty.value (/home/migu3lr/enjoy/built/server/index.js:9819:13)
    at __webpack_require__ (/home/migu3lr/enjoy/built/server/index.js:20:30)
    at validateFormat (/home/migu3lr/enjoy/built/server/index.js:66:18)
    at Object.<anonymous> (/home/migu3lr/enjoy/built/server/index.js:69:10)
Warning: Failed prop type: Menu: prop type `PrintLogin` is invalid; it must be a function, usually from React.PropTypes.
    in Menu
Warning: Failed prop type: Menu: prop type `Mobile` is invalid; it must be a function, usually from React.PropTypes.
    in Menu
TypeError: Cannot read property 'indexOf' of undefined
    at requestHandler (/home/migu3lr/enjoy/built/server/index.js:9834:52)
    at Layer.handle [as handle_request] (/home/migu3lr/enjoy/node_modules/express/lib/router/layer.js:95:5)
    at next (/home/migu3lr/enjoy/node_modules/express/lib/router/route.js:137:13)
    at Route.dispatch (/home/migu3lr/enjoy/node_modules/express/lib/router/route.js:112:3)
    at Layer.handle [as handle_request] (/home/migu3lr/enjoy/node_modules/express/lib/router/layer.js:95:5)
    at /home/migu3lr/enjoy/node_modules/express/lib/router/index.js:281:22
    at param (/home/migu3lr/enjoy/node_modules/express/lib/router/index.js:354:14)
    at param (/home/migu3lr/enjoy/node_modules/express/lib/router/index.js:365:14)
    at Function.process_params (/home/migu3lr/enjoy/node_modules/express/lib/router/index.js:410:3)
    at next (/home/migu3lr/enjoy/node_modules/express/lib/router/index.js:275:10)
TypeError: Cannot read property 'indexOf' of undefined
    at requestHandler (/home/migu3lr/enjoy/built/server/index.js:9834:52)
    at Layer.handle [as handle_request] (/home/migu3lr/enjoy/node_modules/express/lib/router/layer.js:95:5)
    at next (/home/migu3lr/enjoy/node_modules/express/lib/router/route.js:137:13)
    at Route.dispatch (/home/migu3lr/enjoy/node_modules/express/lib/router/route.js:112:3)
    at Layer.handle [as handle_request] (/home/migu3lr/enjoy/node_modules/express/lib/router/layer.js:95:5)
    at /home/migu3lr/enjoy/node_modules/express/lib/router/index.js:281:22
    at param (/home/migu3lr/enjoy/node_modules/express/lib/router/index.js:354:14)
    at param (/home/migu3lr/enjoy/node_modules/express/lib/router/index.js:365:14)
    at Function.process_params (/home/migu3lr/enjoy/node_modules/express/lib/router/index.js:410:3)
    at next (/home/migu3lr/enjoy/node_modules/express/lib/router/index.js:275:10)
Warning: Failed prop type: Menu: prop type `PrintLogin` is invalid; it must be a function, usually from React.PropTypes.
    in Menu
Warning: Failed prop type: Menu: prop type `Mobile` is invalid; it must be a function, usually from React.PropTypes.
    in Menu
/home/migu3lr/enjoy/built/server/payment.js:36956
var fs = __webpack_require__(!(function webpackMissingModule() { var e = new Error("Cannot find module \"fs\""); e.code = 'MODULE_NOT_FOUND'; throw e; }()));
                                                                                                                                              ^

Error: Cannot find module "fs"
    at webpackMissingModule (/home/migu3lr/enjoy/built/server/payment.js:36956:74)
    at Object.<anonymous> (/home/migu3lr/enjoy/built/server/payment.js:36956:153)
    at __webpack_require__ (/home/migu3lr/enjoy/built/server/payment.js:20:30)
    at Object.<anonymous> (/home/migu3lr/enjoy/built/server/payment.js:34538:12)
    at __webpack_require__ (/home/migu3lr/enjoy/built/server/payment.js:20:30)
    at Object.<anonymous> (/home/migu3lr/enjoy/built/server/payment.js:35184:13)
    at __webpack_require__ (/home/migu3lr/enjoy/built/server/payment.js:20:30)
    at Object.<anonymous> (/home/migu3lr/enjoy/built/server/payment.js:24450:18)
    at __webpack_require__ (/home/migu3lr/enjoy/built/server/payment.js:20:30)
    at Object.exports.byteLength (/home/migu3lr/enjoy/built/server/payment.js:26180:16)
/home/migu3lr/enjoy/built/server/payment.js:36956
var fs = __webpack_require__(!(function webpackMissingModule() { var e = new Error("Cannot find module \"fs\""); e.code = 'MODULE_NOT_FOUND'; throw e; }()));
                                                                                                                                              ^

Error: Cannot find module "fs"
    at webpackMissingModule (/home/migu3lr/enjoy/built/server/payment.js:36956:74)
    at Object.<anonymous> (/home/migu3lr/enjoy/built/server/payment.js:36956:153)
    at __webpack_require__ (/home/migu3lr/enjoy/built/server/payment.js:20:30)
    at Object.<anonymous> (/home/migu3lr/enjoy/built/server/payment.js:34538:12)
    at __webpack_require__ (/home/migu3lr/enjoy/built/server/payment.js:20:30)
    at Object.<anonymous> (/home/migu3lr/enjoy/built/server/payment.js:35184:13)
    at __webpack_require__ (/home/migu3lr/enjoy/built/server/payment.js:20:30)
    at Object.<anonymous> (/home/migu3lr/enjoy/built/server/payment.js:24450:18)
    at __webpack_require__ (/home/migu3lr/enjoy/built/server/payment.js:20:30)
    at Object.exports.byteLength (/home/migu3lr/enjoy/built/server/payment.js:26180:16)
/home/migu3lr/enjoy/built/server/payment.js:36956
var fs = __webpack_require__(!(function webpackMissingModule() { var e = new Error("Cannot find module \"fs\""); e.code = 'MODULE_NOT_FOUND'; throw e; }()));
                                                                                                                                              ^

Error: Cannot find module "fs"
    at webpackMissingModule (/home/migu3lr/enjoy/built/server/payment.js:36956:74)
    at Object.<anonymous> (/home/migu3lr/enjoy/built/server/payment.js:36956:153)
    at __webpack_require__ (/home/migu3lr/enjoy/built/server/payment.js:20:30)
    at Object.<anonymous> (/home/migu3lr/enjoy/built/server/payment.js:34538:12)
    at __webpack_require__ (/home/migu3lr/enjoy/built/server/payment.js:20:30)
    at Object.<anonymous> (/home/migu3lr/enjoy/built/server/payment.js:35184:13)
    at __webpack_require__ (/home/migu3lr/enjoy/built/server/payment.js:20:30)
    at Object.<anonymous> (/home/migu3lr/enjoy/built/server/payment.js:24450:18)
    at __webpack_require__ (/home/migu3lr/enjoy/built/server/payment.js:20:30)
    at Object.exports.byteLength (/home/migu3lr/enjoy/built/server/payment.js:26180:16)
/home/migu3lr/enjoy/built/server/payment.js:36956
var fs = __webpack_require__(!(function webpackMissingModule() { var e = new Error("Cannot find module \"fs\""); e.code = 'MODULE_NOT_FOUND'; throw e; }()));
                                                                                                                                              ^

Error: Cannot find module "fs"
    at webpackMissingModule (/home/migu3lr/enjoy/built/server/payment.js:36956:74)
    at Object.<anonymous> (/home/migu3lr/enjoy/built/server/payment.js:36956:153)
    at __webpack_require__ (/home/migu3lr/enjoy/built/server/payment.js:20:30)
    at Object.<anonymous> (/home/migu3lr/enjoy/built/server/payment.js:34538:12)
    at __webpack_require__ (/home/migu3lr/enjoy/built/server/payment.js:20:30)
    at Object.<anonymous> (/home/migu3lr/enjoy/built/server/payment.js:35184:13)
    at __webpack_require__ (/home/migu3lr/enjoy/built/server/payment.js:20:30)
    at Object.<anonymous> (/home/migu3lr/enjoy/built/server/payment.js:24450:18)
    at __webpack_require__ (/home/migu3lr/enjoy/built/server/payment.js:20:30)
    at Object.exports.byteLength (/home/migu3lr/enjoy/built/server/payment.js:26180:16)
/home/migu3lr/enjoy/built/server/payment.js:36956
var fs = __webpack_require__(!(function webpackMissingModule() { var e = new Error("Cannot find module \"fs\""); e.code = 'MODULE_NOT_FOUND'; throw e; }()));
                                                                                                                                              ^

Error: Cannot find module "fs"
    at webpackMissingModule (/home/migu3lr/enjoy/built/server/payment.js:36956:74)
    at Object.<anonymous> (/home/migu3lr/enjoy/built/server/payment.js:36956:153)
    at __webpack_require__ (/home/migu3lr/enjoy/built/server/payment.js:20:30)
    at Object.<anonymous> (/home/migu3lr/enjoy/built/server/payment.js:34538:12)
    at __webpack_require__ (/home/migu3lr/enjoy/built/server/payment.js:20:30)
    at Object.<anonymous> (/home/migu3lr/enjoy/built/server/payment.js:35184:13)
    at __webpack_require__ (/home/migu3lr/enjoy/built/server/payment.js:20:30)
    at Object.<anonymous> (/home/migu3lr/enjoy/built/server/payment.js:24450:18)
    at __webpack_require__ (/home/migu3lr/enjoy/built/server/payment.js:20:30)
    at Object.exports.byteLength (/home/migu3lr/enjoy/built/server/payment.js:26180:16)
/home/migu3lr/enjoy/built/server/payment.js:139
const token = _Services.Auth.createCustomToken('alegraEL_Payments', { unlimited: true });
                            ^

TypeError: Cannot read property 'createCustomToken' of undefined
    at Object.<anonymous> (/home/migu3lr/enjoy/built/server/payment.js:139:29)
    at __webpack_require__ (/home/migu3lr/enjoy/built/server/payment.js:20:30)
    at Object.defineProperty.value (/home/migu3lr/enjoy/built/server/payment.js:66:18)
    at Object.<anonymous> (/home/migu3lr/enjoy/built/server/payment.js:69:10)
    at Module._compile (module.js:570:32)
    at Object.Module._extensions..js (module.js:579:10)
    at Module.load (module.js:487:32)
    at tryModuleLoad (module.js:446:12)
    at Function.Module._load (module.js:438:3)
    at Module.runMain (module.js:604:10)
/home/migu3lr/enjoy/built/server/payment.js:139
const token = _Services.Auth.createCustomToken('alegraEL_Payments', { unlimited: true });
                            ^

TypeError: Cannot read property 'createCustomToken' of undefined
    at Object.<anonymous> (/home/migu3lr/enjoy/built/server/payment.js:139:29)
    at __webpack_require__ (/home/migu3lr/enjoy/built/server/payment.js:20:30)
    at Object.defineProperty.value (/home/migu3lr/enjoy/built/server/payment.js:66:18)
    at Object.<anonymous> (/home/migu3lr/enjoy/built/server/payment.js:69:10)
    at Module._compile (module.js:570:32)
    at Object.Module._extensions..js (module.js:579:10)
    at Module.load (module.js:487:32)
    at tryModuleLoad (module.js:446:12)
    at Function.Module._load (module.js:438:3)
    at Module.runMain (module.js:604:10)
/home/migu3lr/enjoy/built/server/payment.js:141
const token = _Services2.default.Auth.createCustomToken('alegraEL_Payments', { unlimited: true });
                                      ^

TypeError: _Services2.default.Auth.createCustomToken is not a function
    at Object.<anonymous> (/home/migu3lr/enjoy/built/server/payment.js:141:39)
    at __webpack_require__ (/home/migu3lr/enjoy/built/server/payment.js:20:30)
    at Object.defineProperty.value (/home/migu3lr/enjoy/built/server/payment.js:66:18)
    at Object.<anonymous> (/home/migu3lr/enjoy/built/server/payment.js:69:10)
    at Module._compile (module.js:570:32)
    at Object.Module._extensions..js (module.js:579:10)
    at Module.load (module.js:487:32)
    at tryModuleLoad (module.js:446:12)
    at Function.Module._load (module.js:438:3)
    at Module.runMain (module.js:604:10)
/home/migu3lr/enjoy/built/server/payment.js:141
const token = _Services2.default.Auth.createCustomToken('alegraEL_Payments', { unlimited: true });
                                      ^

TypeError: _Services2.default.Auth.createCustomToken is not a function
    at Object.<anonymous> (/home/migu3lr/enjoy/built/server/payment.js:141:39)
    at __webpack_require__ (/home/migu3lr/enjoy/built/server/payment.js:20:30)
    at Object.defineProperty.value (/home/migu3lr/enjoy/built/server/payment.js:66:18)
    at Object.<anonymous> (/home/migu3lr/enjoy/built/server/payment.js:69:10)
    at Module._compile (module.js:570:32)
    at Object.Module._extensions..js (module.js:579:10)
    at Module.load (module.js:487:32)
    at tryModuleLoad (module.js:446:12)
    at Function.Module._load (module.js:438:3)
    at Module.runMain (module.js:604:10)
/home/migu3lr/enjoy/built/server/payment.js:141
const token = _Services2.default.Auth.createCustomToken('alegraEL_Payments', { unlimited: true });
                                      ^

TypeError: _Services2.default.Auth.createCustomToken is not a function
    at Object.<anonymous> (/home/migu3lr/enjoy/built/server/payment.js:141:39)
    at __webpack_require__ (/home/migu3lr/enjoy/built/server/payment.js:20:30)
    at Object.defineProperty.value (/home/migu3lr/enjoy/built/server/payment.js:66:18)
    at Object.<anonymous> (/home/migu3lr/enjoy/built/server/payment.js:69:10)
    at Module._compile (module.js:570:32)
    at Object.Module._extensions..js (module.js:579:10)
    at Module.load (module.js:487:32)
    at tryModuleLoad (module.js:446:12)
    at Function.Module._load (module.js:438:3)
    at Module.runMain (module.js:604:10)
