0 info it worked if it ends with ok
1 verbose cli [ '/usr/bin/nodejs', '/usr/bin/npm', 'run', 'start' ]
2 info using npm@3.10.10
3 info using node@v6.10.0
4 verbose run-script [ 'prestart', 'start', 'poststart' ]
5 info lifecycle enjoy@1.0.0~prestart: enjoy@1.0.0
6 silly lifecycle enjoy@1.0.0~prestart: no script for prestart, continuing
7 info lifecycle enjoy@1.0.0~start: enjoy@1.0.0
8 verbose lifecycle enjoy@1.0.0~start: unsafe-perm in lifecycle true
9 verbose lifecycle enjoy@1.0.0~start: PATH: /usr/lib/node_modules/npm/bin/node-gyp-bin:/home/migu3lr/enjoy/node_modules/.bin:/usr/local/bin:/usr/bin:/bin:/usr/local/games:/usr/games:/usr/local/go/bin:/usr/sbin
10 verbose lifecycle enjoy@1.0.0~start: CWD: /home/migu3lr/enjoy
11 silly lifecycle enjoy@1.0.0~start: Args: [ '-c', 'nodemon ./built/server/index.js' ]
12 silly lifecycle enjoy@1.0.0~start: Returned: code: 1  signal: null
13 info lifecycle enjoy@1.0.0~start: Failed to exec start script
14 verbose stack Error: enjoy@1.0.0 start: `nodemon ./built/server/index.js`
14 verbose stack Exit status 1
14 verbose stack     at EventEmitter.<anonymous> (/usr/lib/node_modules/npm/lib/utils/lifecycle.js:255:16)
14 verbose stack     at emitTwo (events.js:106:13)
14 verbose stack     at EventEmitter.emit (events.js:191:7)
14 verbose stack     at ChildProcess.<anonymous> (/usr/lib/node_modules/npm/lib/utils/spawn.js:40:14)
14 verbose stack     at emitTwo (events.js:106:13)
14 verbose stack     at ChildProcess.emit (events.js:191:7)
14 verbose stack     at maybeClose (internal/child_process.js:877:16)
14 verbose stack     at Process.ChildProcess._handle.onexit (internal/child_process.js:226:5)
15 verbose pkgid enjoy@1.0.0
16 verbose cwd /home/migu3lr/enjoy
17 error Linux 3.16.0-4-amd64
18 error argv "/usr/bin/nodejs" "/usr/bin/npm" "run" "start"
19 error node v6.10.0
20 error npm  v3.10.10
21 error code ELIFECYCLE
22 error enjoy@1.0.0 start: `nodemon ./built/server/index.js`
22 error Exit status 1
23 error Failed at the enjoy@1.0.0 start script 'nodemon ./built/server/index.js'.
23 error Make sure you have the latest version of node.js and npm installed.
23 error If you do, this is most likely a problem with the enjoy package,
23 error not with npm itself.
23 error Tell the author that this fails on your system:
23 error     nodemon ./built/server/index.js
23 error You can get information on how to open an issue for this project with:
23 error     npm bugs enjoy
23 error Or if that isn't available, you can get their info via:
23 error     npm owner ls enjoy
23 error There is likely additional logging output above.
24 verbose exit [ 1, true ]
