
> enjoy@1.0.0 watch /home/ec2-user/dev
> webpack -w


Webpack is watching the files…

Hash: 6933e3d16036656a5cd4c4741341bab48791b39f85af2a8f4198e07d480a
Version: webpack 2.3.2
Child
    Hash: 6933e3d16036656a5cd4
    Time: 1993ms
        Asset     Size  Chunks             Chunk Names
    server.js  4.56 kB       0  [emitted]  main
       [4] ./source/server.jsx 1.36 kB {0} [built]
        + 4 hidden modules
Child
    Hash: c4741341bab48791b39f
    Time: 13804ms
            Asset     Size  Chunks                    Chunk Names
         index.js  2.46 MB       0  [emitted]  [big]  main
    ../styles.css  6.47 kB       0  [emitted]         main
       [0] ./~/react/react.js 56 bytes {0} [built]
      [12] ./~/react-router-dom/es/index.js 925 bytes {0} [built]
      [33] ./~/react-intl/lib/index.es.js 55 kB {0} [built]
      [56] ./~/react-dom/index.js 59 bytes {0} [built]
     [111] ./~/react-redux/es/index.js 230 bytes {0} [built]
     [112] ./~/redux/es/index.js 1.08 kB {0} [built]
     [205] ./~/redux/es/createStore.js 8.88 kB {0} [built]
     [210] ./source/pages/containers/Page.jsx 3.37 kB {0} [built] [1 error]
     [211] ./source/reducers/products-reducer.jsx 183 bytes {0} [built] [1 error]
     [212] ./source/reducers/user-reducer.jsx 273 bytes {0} [built] [1 error]
     [213] ./source/messages.json 1.69 kB {0} [built]
     [214] ./~/react-intl/locale-data/en.js 7.15 kB {0} [built]
     [215] ./~/react-intl/locale-data/es.js 13 kB {0} [built]
     [216] ./~/react-tap-event-plugin/src/injectTapEventPlugin.js 1.04 kB {0} [built]
     [244] ./source/client.jsx 1.92 kB {0} [built] [1 error]
        + 571 hidden modules
    
    ERROR in ./source/client.jsx
    
    /home/ec2-user/dev/source/client.jsx
       6:10  error  'Provider' is defined but never used           no-unused-vars
       6:40  error  Trailing spaces not allowed                    no-trailing-spaces
      22:1   error  More than 2 blank lines not allowed            no-multiple-empty-lines
      25:1   error  Import in body of module; reorder to top       import/first
      26:1   error  Import in body of module; reorder to top       import/first
      29:5   error  Expected indentation of 2 spaces but found 4   indent
      30:5   error  Expected indentation of 2 spaces but found 4   indent
      30:22  error  Missing trailing comma                         comma-dangle
      31:3   error  Missing semicolon                              semi
      35:9   error  Expected indentation of 2 spaces but found 8   indent
      36:13  error  Expected indentation of 4 spaces but found 12  indent
      37:13  error  Expected indentation of 4 spaces but found 12  indent
      37:27  error  Missing trailing comma                         comma-dangle
      38:9   error  Expected indentation of 2 spaces but found 8   indent
    
    ✖ 14 problems (14 errors, 0 warnings)
    
    
    ERROR in ./source/reducers/products-reducer.jsx
    
    /home/ec2-user/dev/source/reducers/products-reducer.jsx
      1:53  error  'action' is defined but never used            no-unused-vars
      2:5   error  Expected indentation of 2 spaces but found 4  indent
    
    ✖ 2 problems (2 errors, 0 warnings)
    
     @ ./source/client.jsx 37:23-61
    
    ERROR in ./source/reducers/user-reducer.jsx
    
    /home/ec2-user/dev/source/reducers/user-reducer.jsx
      2:5   error  Expected indentation of 2 spaces but found 4   indent
      2:5   error  Expected a default case                        default-case
      3:13  error  Expected indentation of 6 spaces but found 12  indent
      4:17  error  Expected indentation of 8 spaces but found 16  indent
      5:9   error  Expected indentation of 4 spaces but found 8   indent
      7:5   error  Expected indentation of 2 spaces but found 4   indent
      8:2   error  Trailing spaces not allowed                    no-trailing-spaces
    
    ✖ 7 problems (7 errors, 0 warnings)
    
     @ ./source/client.jsx 41:19-53
    
    ERROR in ./source/pages/containers/Page.jsx
    
    /home/ec2-user/dev/source/pages/containers/Page.jsx
      95:25  error  Expected parentheses around arrow function argument having a body with curly braces  arrow-parens
      95:34  error  Unexpected block statement surrounding arrow body                                    arrow-body-style
      96:5   error  Expected indentation of 2 spaces but found 4                                         indent
      97:2   error  Missing semicolon                                                                    semi
    
    ✖ 4 problems (4 errors, 0 warnings)
    
     @ ./source/client.jsx 33:12-46
    
    ERROR in ./source/shared/components/Header.jsx
    
    /home/ec2-user/dev/source/shared/components/Header.jsx
      1:17  error  'Component' is defined but never used  no-unused-vars
    
    ✖ 1 problem (1 error, 0 warnings)
    
     @ ./source/pages/containers/Page.jsx 33:14-55
     @ ./source/client.jsx
    
    ERROR in ./source/enjoy/pages/containers/Pagos.jsx
    
    /home/ec2-user/dev/source/enjoy/pages/containers/Pagos.jsx
      12:41  error  'location' is missing in props validation         react/prop-types
      12:50  error  'location.search' is missing in props validation  react/prop-types
    
    ✖ 2 problems (2 errors, 0 warnings)
    
     @ ./source/enjoy/pages/containers/Portal.jsx 15:13-31
     @ ./source/enjoy/pages/containers/Page.jsx
     @ ./source/pages/containers/Page.jsx
     @ ./source/client.jsx
    
    ERROR in ./source/enjoy/pages/containers/Curso.jsx
    
    /home/ec2-user/dev/source/enjoy/pages/containers/Curso.jsx
       8:21   error  Missing space before opening brace                 space-before-blocks
      12:14   error  Missing space before value for key 'cursos'        key-spacing
      13:6    error  Missing semicolon                                  semi
      17:60   error  'match' is missing in props validation             react/prop-types
      17:66   error  'match.params' is missing in props validation      react/prop-types
      17:73   error  'match.params.lid' is missing in props validation  react/prop-types
      17:98   error  'match' is missing in props validation             react/prop-types
      17:104  error  'match.params' is missing in props validation      react/prop-types
      17:111  error  'match.params.cid' is missing in props validation  react/prop-types
      17:116  error  A space is required after ','                      comma-spacing
      21:5    error  Expected space(s) after "return"                   keyword-spacing
    
    ✖ 11 problems (11 errors, 0 warnings)
    
     @ ./source/enjoy/pages/containers/Portal.jsx 19:13-31
     @ ./source/enjoy/pages/containers/Page.jsx
     @ ./source/pages/containers/Page.jsx
     @ ./source/client.jsx
    
    ERROR in ./source/enjoy/pages/containers/Linea.jsx
    
    /home/ec2-user/dev/source/enjoy/pages/containers/Linea.jsx
      21:65  error  '.key' is missing in props validation                     react/prop-types
      41:16  error  'descripcion' PropType is defined but prop is never used  react/no-unused-prop-types
    
    ✖ 2 problems (2 errors, 0 warnings)
    
     @ ./source/enjoy/pages/containers/Cursos.jsx 17:13-31
     @ ./source/enjoy/pages/containers/Portal.jsx
     @ ./source/enjoy/pages/containers/Page.jsx
     @ ./source/pages/containers/Page.jsx
     @ ./source/client.jsx
    
    ERROR in ./source/enjoy/pages/components/OauthButton.jsx
    
    /home/ec2-user/dev/source/enjoy/pages/components/OauthButton.jsx
      14:5  error  Visible, non-interactive elements should not have mouse or keyboard event listeners  jsx-a11y/no-static-element-interactions
    
    ✖ 1 problem (1 error, 0 warnings)
    
     @ ./source/enjoy/pages/components/OauthAll.jsx 11:19-55
     @ ./source/enjoy/pages/containers/Login.jsx
     @ ./source/enjoy/pages/containers/Page.jsx
     @ ./source/pages/containers/Page.jsx
     @ ./source/client.jsx
    
    ERROR in ./source/enjoy/InitCustomer/containers/InitCustomerForm.jsx
    
    /home/ec2-user/dev/source/enjoy/InitCustomer/containers/InitCustomerForm.jsx
      59:42  error  There should be no spaces inside this paren       space-in-parens
      60:2   error  Unexpected tab character                          no-tabs
      60:2   error  Expected indentation of 8 spaces but found 1 tab  indent
      60:48  error  Strings must use singlequote                      quotes
      60:60  error  There should be no spaces inside this paren       space-in-parens
      61:2   error  Unexpected tab character                          no-tabs
      61:2   error  Mixed spaces and tabs                             no-mixed-spaces-and-tabs
      62:2   error  Unexpected tab character                          no-tabs
      62:2   error  Mixed spaces and tabs                             no-mixed-spaces-and-tabs
      63:2   error  Unexpected tab character                          no-tabs
      63:2   error  Mixed spaces and tabs                             no-mixed-spaces-and-tabs
      64:2   error  Unexpected tab character                          no-tabs
      64:2   error  Expected indentation of 0 spaces but found 1 tab  indent
    
    ✖ 13 problems (13 errors, 0 warnings)
    
     @ ./source/enjoy/pages/containers/InitCustomer.jsx 11:24-81
     @ ./source/enjoy/pages/containers/Portal.jsx
     @ ./source/enjoy/pages/containers/Page.jsx
     @ ./source/pages/containers/Page.jsx
     @ ./source/client.jsx
    
    ERROR in ./source/shared/components/forms/CheckboxOrRadioGroup.jsx
    
    /home/ec2-user/dev/source/shared/components/forms/CheckboxOrRadioGroup.jsx
      40:20  error  'selectedOptions' PropType is defined but prop is never used  react/no-unused-prop-types
      43:16  error  'controlFunc' PropType is defined but prop is never used      react/no-unused-prop-types
    
    ✖ 2 problems (2 errors, 0 warnings)
    
     @ ./source/enjoy/InitCustomer/containers/InitCustomerForm.jsx 11:28-92
     @ ./source/enjoy/pages/containers/InitCustomer.jsx
     @ ./source/enjoy/pages/containers/Portal.jsx
     @ ./source/enjoy/pages/containers/Page.jsx
     @ ./source/pages/containers/Page.jsx
     @ ./source/client.jsx
    Child extract-text-webpack-plugin:
           [0] ./~/css-loader/lib/css-base.js 2.19 kB {0} [built]
           [1] ./~/base64-js/index.js 3.48 kB {0} [built]
           [2] ./~/buffer/index.js 48.6 kB {0} [built]
           [3] ./~/buffer/~/isarray/index.js 132 bytes {0} [built]
           [4] ./~/css-loader?modules!./source/pages/containers/Page.css 1.08 kB {0} [built]
           [5] ./~/ieee754/index.js 2.05 kB {0} [built]
           [6] (webpack)/buildin/global.js 509 bytes {0} [built]
    Child extract-text-webpack-plugin:
           [0] ./~/css-loader/lib/css-base.js 2.19 kB {0} [built]
           [1] ./~/base64-js/index.js 3.48 kB {0} [built]
           [2] ./~/buffer/index.js 48.6 kB {0} [built]
           [3] ./~/buffer/~/isarray/index.js 132 bytes {0} [built]
           [5] ./~/ieee754/index.js 2.05 kB {0} [built]
           [6] (webpack)/buildin/global.js 509 bytes {0} [built]
            + 1 hidden modules
    Child extract-text-webpack-plugin:
           [0] ./~/css-loader/lib/css-base.js 2.19 kB {0} [built]
           [1] ./~/base64-js/index.js 3.48 kB {0} [built]
           [2] ./~/buffer/index.js 48.6 kB {0} [built]
           [3] ./~/buffer/~/isarray/index.js 132 bytes {0} [built]
           [5] ./~/ieee754/index.js 2.05 kB {0} [built]
           [6] (webpack)/buildin/global.js 509 bytes {0} [built]
            + 1 hidden modules
    Child extract-text-webpack-plugin:
           [0] ./~/css-loader/lib/css-base.js 2.19 kB {0} [built]
           [1] ./~/base64-js/index.js 3.48 kB {0} [built]
           [2] ./~/buffer/index.js 48.6 kB {0} [built]
           [3] ./~/buffer/~/isarray/index.js 132 bytes {0} [built]
           [5] ./~/ieee754/index.js 2.05 kB {0} [built]
           [6] (webpack)/buildin/global.js 509 bytes {0} [built]
            + 1 hidden modules
    Child extract-text-webpack-plugin:
           [0] ./~/css-loader/lib/css-base.js 2.19 kB {0} [built]
           [1] ./~/base64-js/index.js 3.48 kB {0} [built]
           [2] ./~/buffer/index.js 48.6 kB {0} [built]
           [3] ./~/buffer/~/isarray/index.js 132 bytes {0} [built]
           [5] ./~/ieee754/index.js 2.05 kB {0} [built]
           [6] (webpack)/buildin/global.js 509 bytes {0} [built]
            + 1 hidden modules
    Child extract-text-webpack-plugin:
           [0] ./~/css-loader/lib/css-base.js 2.19 kB {0} [built]
           [1] ./~/base64-js/index.js 3.48 kB {0} [built]
           [2] ./~/buffer/index.js 48.6 kB {0} [built]
           [3] ./~/buffer/~/isarray/index.js 132 bytes {0} [built]
           [5] ./~/ieee754/index.js 2.05 kB {0} [built]
           [6] (webpack)/buildin/global.js 509 bytes {0} [built]
            + 1 hidden modules
    Child extract-text-webpack-plugin:
           [0] ./~/css-loader/lib/css-base.js 2.19 kB {0} [built]
           [1] ./~/base64-js/index.js 3.48 kB {0} [built]
           [2] ./~/buffer/index.js 48.6 kB {0} [built]
           [3] ./~/buffer/~/isarray/index.js 132 bytes {0} [built]
           [5] ./~/ieee754/index.js 2.05 kB {0} [built]
           [6] (webpack)/buildin/global.js 509 bytes {0} [built]
            + 1 hidden modules
    Child extract-text-webpack-plugin:
           [0] ./~/css-loader/lib/css-base.js 2.19 kB {0} [built]
           [1] ./~/base64-js/index.js 3.48 kB {0} [built]
           [2] ./~/buffer/index.js 48.6 kB {0} [built]
           [3] ./~/buffer/~/isarray/index.js 132 bytes {0} [built]
           [5] ./~/ieee754/index.js 2.05 kB {0} [built]
           [6] (webpack)/buildin/global.js 509 bytes {0} [built]
            + 1 hidden modules
    Child extract-text-webpack-plugin:
           [0] ./~/css-loader/lib/css-base.js 2.19 kB {0} [built]
           [1] ./~/base64-js/index.js 3.48 kB {0} [built]
           [2] ./~/buffer/index.js 48.6 kB {0} [built]
           [3] ./~/buffer/~/isarray/index.js 132 bytes {0} [built]
           [5] ./~/ieee754/index.js 2.05 kB {0} [built]
           [6] (webpack)/buildin/global.js 509 bytes {0} [built]
            + 1 hidden modules
Child
    Hash: 85af2a8f4198e07d480a
    Time: 2741ms
         Asset     Size  Chunks             Chunk Names
    payment.js  5.99 kB       0  [emitted]  main
       [0] ./source/Firebase.jsx 791 bytes {0} [built]
       [4] ./source/payu-listener.jsx 2.04 kB {0} [built]
        + 4 hidden modules
Hash: 6933e3d16036656a5cd4
Version: webpack 2.3.2
Child
    Hash: 6933e3d16036656a5cd4
    Time: 149ms
       [4] ./source/server.jsx 1.36 kB {0} [built]
        + 4 hidden modules
Hash: a7849a4a5285d6c87e93
Version: webpack 2.3.2
Child
    Hash: a7849a4a5285d6c87e93
    Time: 593ms
            Asset     Size  Chunks                    Chunk Names
         index.js  2.46 MB       0  [emitted]  [big]  main
    ../styles.css  6.47 kB       0  [emitted]         main
     [244] ./source/client.jsx 1.92 kB {0} [built] [1 error]
        + 573 hidden modules
    
    ERROR in ./source/client.jsx
    
    /home/ec2-user/dev/source/client.jsx
       6:10  error  'Provider' is defined but never used                  no-unused-vars
       6:40  error  Trailing spaces not allowed                           no-trailing-spaces
      11:45  error  Absolute imports should come before relative imports  import/first
      12:16  error  Absolute imports should come before relative imports  import/first
      13:16  error  Absolute imports should come before relative imports  import/first
      15:34  error  Absolute imports should come before relative imports  import/first
      25:1   error  More than 2 blank lines not allowed                   no-multiple-empty-lines
      30:5   error  Expected indentation of 2 spaces but found 4          indent
      31:5   error  Expected indentation of 2 spaces but found 4          indent
      31:22  error  Missing trailing comma                                comma-dangle
      32:3   error  Missing semicolon                                     semi
      36:9   error  Expected indentation of 2 spaces but found 8          indent
      37:13  error  Expected indentation of 4 spaces but found 12         indent
      38:13  error  Expected indentation of 4 spaces but found 12         indent
      38:27  error  Missing trailing comma                                comma-dangle
      39:9   error  Expected indentation of 2 spaces but found 8          indent
    
    ✖ 16 problems (16 errors, 0 warnings)
    
    
    ERROR in ./source/reducers/products-reducer.jsx
    
    /home/ec2-user/dev/source/reducers/products-reducer.jsx
      1:53  error  'action' is defined but never used            no-unused-vars
      2:5   error  Expected indentation of 2 spaces but found 4  indent
    
    ✖ 2 problems (2 errors, 0 warnings)
    
     @ ./source/client.jsx 37:23-61
    
    ERROR in ./source/reducers/user-reducer.jsx
    
    /home/ec2-user/dev/source/reducers/user-reducer.jsx
      2:5   error  Expected indentation of 2 spaces but found 4   indent
      2:5   error  Expected a default case                        default-case
      3:13  error  Expected indentation of 6 spaces but found 12  indent
      4:17  error  Expected indentation of 8 spaces but found 16  indent
      5:9   error  Expected indentation of 4 spaces but found 8   indent
      7:5   error  Expected indentation of 2 spaces but found 4   indent
      8:2   error  Trailing spaces not allowed                    no-trailing-spaces
    
    ✖ 7 problems (7 errors, 0 warnings)
    
     @ ./source/client.jsx 41:19-53
    
    ERROR in ./source/pages/containers/Page.jsx
    
    /home/ec2-user/dev/source/pages/containers/Page.jsx
      95:25  error  Expected parentheses around arrow function argument having a body with curly braces  arrow-parens
      95:34  error  Unexpected block statement surrounding arrow body                                    arrow-body-style
      96:5   error  Expected indentation of 2 spaces but found 4                                         indent
      97:2   error  Missing semicolon                                                                    semi
    
    ✖ 4 problems (4 errors, 0 warnings)
    
     @ ./source/client.jsx 33:12-46
    
    ERROR in ./source/shared/components/Header.jsx
    
    /home/ec2-user/dev/source/shared/components/Header.jsx
      1:17  error  'Component' is defined but never used  no-unused-vars
    
    ✖ 1 problem (1 error, 0 warnings)
    
     @ ./source/pages/containers/Page.jsx 33:14-55
     @ ./source/client.jsx
    
    ERROR in ./source/enjoy/pages/containers/Pagos.jsx
    
    /home/ec2-user/dev/source/enjoy/pages/containers/Pagos.jsx
      12:41  error  'location' is missing in props validation         react/prop-types
      12:50  error  'location.search' is missing in props validation  react/prop-types
    
    ✖ 2 problems (2 errors, 0 warnings)
    
     @ ./source/enjoy/pages/containers/Portal.jsx 15:13-31
     @ ./source/enjoy/pages/containers/Page.jsx
     @ ./source/pages/containers/Page.jsx
     @ ./source/client.jsx
    
    ERROR in ./source/enjoy/pages/containers/Curso.jsx
    
    /home/ec2-user/dev/source/enjoy/pages/containers/Curso.jsx
       8:21   error  Missing space before opening brace                 space-before-blocks
      12:14   error  Missing space before value for key 'cursos'        key-spacing
      13:6    error  Missing semicolon                                  semi
      17:60   error  'match' is missing in props validation             react/prop-types
      17:66   error  'match.params' is missing in props validation      react/prop-types
      17:73   error  'match.params.lid' is missing in props validation  react/prop-types
      17:98   error  'match' is missing in props validation             react/prop-types
      17:104  error  'match.params' is missing in props validation      react/prop-types
      17:111  error  'match.params.cid' is missing in props validation  react/prop-types
      17:116  error  A space is required after ','                      comma-spacing
      21:5    error  Expected space(s) after "return"                   keyword-spacing
    
    ✖ 11 problems (11 errors, 0 warnings)
    
     @ ./source/enjoy/pages/containers/Portal.jsx 19:13-31
     @ ./source/enjoy/pages/containers/Page.jsx
     @ ./source/pages/containers/Page.jsx
     @ ./source/client.jsx
    
    ERROR in ./source/enjoy/pages/components/OauthButton.jsx
    
    /home/ec2-user/dev/source/enjoy/pages/components/OauthButton.jsx
      14:5  error  Visible, non-interactive elements should not have mouse or keyboard event listeners  jsx-a11y/no-static-element-interactions
    
    ✖ 1 problem (1 error, 0 warnings)
    
     @ ./source/enjoy/pages/components/OauthAll.jsx 11:19-55
     @ ./source/enjoy/pages/containers/Login.jsx
     @ ./source/enjoy/pages/containers/Page.jsx
     @ ./source/pages/containers/Page.jsx
     @ ./source/client.jsx
    
    ERROR in ./source/enjoy/pages/containers/Linea.jsx
    
    /home/ec2-user/dev/source/enjoy/pages/containers/Linea.jsx
      21:65  error  '.key' is missing in props validation                     react/prop-types
      41:16  error  'descripcion' PropType is defined but prop is never used  react/no-unused-prop-types
    
    ✖ 2 problems (2 errors, 0 warnings)
    
     @ ./source/enjoy/pages/containers/Cursos.jsx 17:13-31
     @ ./source/enjoy/pages/containers/Portal.jsx
     @ ./source/enjoy/pages/containers/Page.jsx
     @ ./source/pages/containers/Page.jsx
     @ ./source/client.jsx
    
    ERROR in ./source/enjoy/InitCustomer/containers/InitCustomerForm.jsx
    
    /home/ec2-user/dev/source/enjoy/InitCustomer/containers/InitCustomerForm.jsx
      59:42  error  There should be no spaces inside this paren       space-in-parens
      60:2   error  Unexpected tab character                          no-tabs
      60:2   error  Expected indentation of 8 spaces but found 1 tab  indent
      60:48  error  Strings must use singlequote                      quotes
      60:60  error  There should be no spaces inside this paren       space-in-parens
      61:2   error  Unexpected tab character                          no-tabs
      61:2   error  Mixed spaces and tabs                             no-mixed-spaces-and-tabs
      62:2   error  Unexpected tab character                          no-tabs
      62:2   error  Mixed spaces and tabs                             no-mixed-spaces-and-tabs
      63:2   error  Unexpected tab character                          no-tabs
      63:2   error  Mixed spaces and tabs                             no-mixed-spaces-and-tabs
      64:2   error  Unexpected tab character                          no-tabs
      64:2   error  Expected indentation of 0 spaces but found 1 tab  indent
    
    ✖ 13 problems (13 errors, 0 warnings)
    
     @ ./source/enjoy/pages/containers/InitCustomer.jsx 11:24-81
     @ ./source/enjoy/pages/containers/Portal.jsx
     @ ./source/enjoy/pages/containers/Page.jsx
     @ ./source/pages/containers/Page.jsx
     @ ./source/client.jsx
    
    ERROR in ./source/shared/components/forms/CheckboxOrRadioGroup.jsx
    
    /home/ec2-user/dev/source/shared/components/forms/CheckboxOrRadioGroup.jsx
      40:20  error  'selectedOptions' PropType is defined but prop is never used  react/no-unused-prop-types
      43:16  error  'controlFunc' PropType is defined but prop is never used      react/no-unused-prop-types
    
    ✖ 2 problems (2 errors, 0 warnings)
    
     @ ./source/enjoy/InitCustomer/containers/InitCustomerForm.jsx 11:28-92
     @ ./source/enjoy/pages/containers/InitCustomer.jsx
     @ ./source/enjoy/pages/containers/Portal.jsx
     @ ./source/enjoy/pages/containers/Page.jsx
     @ ./source/pages/containers/Page.jsx
     @ ./source/client.jsx
